0 0 -1 isD false
0 0 -1 isEA false
0 0 -1 isC false
0 0 -1 isEA false
0 0 -1 isT false
0 0 -1 isEA false
0 0 -1 isX false
0 0 -1 isEA false
0 0 -1 isE false
0 0 -1 isEA false
0 0 -1 isFN true
0 1 48 isD true
0 1 48 isC true
0 1 48 isT true
0 1 48 isX true
0 1 48 isE true
0 1 48 isFN false
0 2 49 isD true
0 2 49 isC true
0 2 49 isT true
0 2 49 isX true
0 2 49 isE true
0 2 49 isFN false
0 3 48 isD true
0 3 48 isC true
0 3 48 isT true
0 3 48 isX true
0 3 48 isE true
0 3 48 isFN false
0 4 50 isD true
0 4 50 isC true
0 4 50 isT true
0 4 50 isX true
0 4 50 isE true
0 4 50 isFN false
19 0 50 isD true
19 0 50 isC true
19 0 50 isT true
19 0 50 isX true
19 0 50 isE true
19 0 50 isFN false
19 1 118 isD false
19 1 118 isEA false
19 1 118 isC false
19 1 118 isEA false
19 1 118 isT true
19 1 118 isX false
19 1 118 isEA false
19 1 118 isE false
19 1 118 isEA false
19 1 118 isFN false
19 2 60 isD false
19 2 60 isEA false
19 2 60 isC false
19 2 60 isEA false
19 2 60 isT false
19 2 60 isEA false
19 2 60 isX false
19 2 60 isEA false
19 2 60 isE true
19 2 60 isFN false
19 3 116 isD false
19 3 116 isEA false
19 3 116 isC false
19 3 116 isEA false
19 3 116 isT true
19 3 116 isX false
19 3 116 isEA false
19 3 116 isE false
19 3 116 isEA false
19 3 116 isFN false
19 4 33 isD false
19 4 33 isEA false
19 4 33 isC false
19 4 33 isEA false
19 4 33 isT false
19 4 33 isEA false
19 4 33 isX false
19 4 33 isEA false
19 4 33 isE true
19 4 33 isFN false
19 5 54 isD true
19 5 54 isC true
19 5 54 isT true
19 5 54 isX true
19 5 54 isE true
19 5 54 isFN false
19 6 83 isD false
19 6 83 isEA false
19 6 83 isC true
19 6 83 isT false
19 6 83 isEA false
19 6 83 isX true
19 6 83 isE true
19 6 83 isFN false
19 7 87 isD false
19 7 87 isEA false
19 7 87 isC true
19 7 87 isT false
19 7 87 isEA false
19 7 87 isX true
19 7 87 isE true
19 7 87 isFN false
20 0 118 isD false
20 0 118 isEA false
20 0 118 isC false
20 0 118 isEA false
20 0 118 isT true
20 0 118 isX false
20 0 118 isEA false
20 0 118 isE false
20 0 118 isEA false
20 0 118 isFN false
20 1 60 isD false
20 1 60 isEA false
20 1 60 isC false
20 1 60 isEA false
20 1 60 isT false
20 1 60 isEA false
20 1 60 isX false
20 1 60 isEA false
20 1 60 isE true
20 1 60 isFN false
20 2 116 isD false
20 2 116 isEA false
20 2 116 isC false
20 2 116 isEA false
20 2 116 isT true
20 2 116 isX false
20 2 116 isEA false
20 2 116 isE false
20 2 116 isEA false
20 2 116 isFN false
20 3 33 isD false
20 3 33 isEA false
20 3 33 isC false
20 3 33 isEA false
20 3 33 isT false
20 3 33 isEA false
20 3 33 isX false
20 3 33 isEA false
20 3 33 isE true
20 3 33 isFN false
20 4 54 isD true
20 4 54 isC true
20 4 54 isT true
20 4 54 isX true
20 4 54 isE true
20 4 54 isFN false
21 0 60 isD false
21 0 60 isEA false
21 0 60 isC false
21 0 60 isEA false
21 0 60 isT false
21 0 60 isEA false
21 0 60 isX false
21 0 60 isEA false
21 0 60 isE true
21 0 60 isFN false
21 1 116 isD false
21 1 116 isEA false
21 1 116 isC false
21 1 116 isEA false
21 1 116 isT true
21 1 116 isX false
21 1 116 isEA false
21 1 116 isE false
21 1 116 isEA false
21 1 116 isFN false
21 2 33 isD false
21 2 33 isEA false
21 2 33 isC false
21 2 33 isEA false
21 2 33 isT false
21 2 33 isEA false
21 2 33 isX false
21 2 33 isEA false
21 2 33 isE true
21 2 33 isFN false
21 3 54 isD true
21 3 54 isC true
21 3 54 isT true
21 3 54 isX true
21 3 54 isE true
21 3 54 isFN false
21 4 83 isD false
21 4 83 isEA false
21 4 83 isC true
21 4 83 isT false
21 4 83 isEA false
21 4 83 isX true
21 4 83 isE true
21 4 83 isFN false
22 0 116 isD false
22 0 116 isEA false
22 0 116 isC false
22 0 116 isEA false
22 0 116 isT true
22 0 116 isX false
22 0 116 isEA false
22 0 116 isE false
22 0 116 isEA false
22 0 116 isFN false
22 1 33 isD false
22 1 33 isEA false
22 1 33 isC false
22 1 33 isEA false
22 1 33 isT false
22 1 33 isEA false
22 1 33 isX false
22 1 33 isEA false
22 1 33 isE true
22 1 33 isFN false
22 2 54 isD true
22 2 54 isC true
22 2 54 isT true
22 2 54 isX true
22 2 54 isE true
22 2 54 isFN false
22 3 83 isD false
22 3 83 isEA false
22 3 83 isC true
22 3 83 isT false
22 3 83 isEA false
22 3 83 isX true
22 3 83 isE true
22 3 83 isFN false
22 4 87 isD false
22 4 87 isEA false
22 4 87 isC true
22 4 87 isT false
22 4 87 isEA false
22 4 87 isX true
22 4 87 isE true
22 4 87 isFN false
22 5 115 isD false
22 5 115 isEA false
22 5 115 isC false
22 5 115 isEA false
22 5 115 isT true
22 5 115 isX false
22 5 115 isEA false
22 5 115 isE false
22 5 115 isEA false
22 5 115 isFN false
23 0 33 isD false
23 0 33 isEA false
23 0 33 isC false
23 0 33 isEA false
23 0 33 isT false
23 0 33 isEA false
23 0 33 isX false
23 0 33 isEA false
23 0 33 isE true
23 0 33 isFN false
23 1 54 isD true
23 1 54 isC true
23 1 54 isT true
23 1 54 isX true
23 1 54 isE true
23 1 54 isFN false
23 2 83 isD false
23 2 83 isEA false
23 2 83 isC true
23 2 83 isT false
23 2 83 isEA false
23 2 83 isX true
23 2 83 isE true
23 2 83 isFN false
23 3 87 isD false
23 3 87 isEA false
23 3 87 isC true
23 3 87 isT false
23 3 87 isEA false
23 3 87 isX true
23 3 87 isE true
23 3 87 isFN false
23 4 115 isD false
23 4 115 isEA false
23 4 115 isC false
23 4 115 isEA false
23 4 115 isT true
23 4 115 isX false
23 4 115 isEA false
23 4 115 isE false
23 4 115 isEA false
23 4 115 isFN false
23 5 65 isD false
23 5 65 isEA false
23 5 65 isC true
23 5 65 isT false
23 5 65 isEA false
23 5 65 isX true
23 5 65 isE true
23 5 65 isFN false
23 6 47 isD false
23 6 47 isEA false
23 6 47 isC false
23 6 47 isEA false
23 6 47 isT false
23 6 47 isEA false
23 6 47 isX false
23 6 47 isEA false
23 6 47 isE true
23 6 47 isFN false
23 7 75 isD false
23 7 75 isEA false
23 7 75 isC true
23 7 75 isT false
23 7 75 isEA false
23 7 75 isX true
23 7 75 isE true
23 7 75 isFN false
23 8 69 isD false
23 8 69 isEA false
23 8 69 isC true
23 8 69 isT false
23 8 69 isEA false
23 8 69 isX true
23 8 69 isE true
23 8 69 isFN false
23 9 29 isD false
23 9 29 isEA false
23 9 29 isC false
23 9 29 isEA false
23 9 29 isT false
23 9 29 isEA false
23 9 29 isX false
23 9 29 isEA false
23 9 29 isE false
23 9 29 isEA false
23 9 29 isFN false
23 10 57 isD true
23 10 57 isC true
23 10 57 isT true
23 10 57 isX true
23 10 57 isE true
23 10 57 isFN false
23 11 49 isD true
23 11 49 isC true
23 11 49 isT true
23 11 49 isX true
23 11 49 isE true
23 11 49 isFN false
23 12 48 isD true
23 12 48 isC true
23 12 48 isT true
23 12 48 isX true
23 12 48 isE true
23 12 48 isFN false
23 13 49 isD true
23 13 49 isC true
23 13 49 isT true
23 13 49 isX true
23 13 49 isE true
23 13 49 isFN false
24 0 54 isD true
24 0 54 isC true
24 0 54 isT true
24 0 54 isX true
24 0 54 isE true
24 0 54 isFN false
24 1 83 isD false
24 1 83 isEA false
24 1 83 isC true
24 1 83 isT false
24 1 83 isEA false
24 1 83 isX true
24 1 83 isE true
24 1 83 isFN false
24 2 87 isD false
24 2 87 isEA false
24 2 87 isC true
24 2 87 isT false
24 2 87 isEA false
24 2 87 isX true
24 2 87 isE true
24 2 87 isFN false
24 3 115 isD false
24 3 115 isEA false
24 3 115 isC false
24 3 115 isEA false
24 3 115 isT true
24 3 115 isX false
24 3 115 isEA false
24 3 115 isE false
24 3 115 isEA false
24 3 115 isFN false
24 4 65 isD false
24 4 65 isEA false
24 4 65 isC true
24 4 65 isT false
24 4 65 isEA false
24 4 65 isX true
24 4 65 isE true
24 4 65 isFN false
24 5 47 isD false
24 5 47 isEA false
24 5 47 isC false
24 5 47 isEA false
24 5 47 isT false
24 5 47 isEA false
24 5 47 isX false
24 5 47 isEA false
24 5 47 isE true
24 5 47 isFN false
24 6 75 isD false
24 6 75 isEA false
24 6 75 isC true
24 6 75 isT false
24 6 75 isEA false
24 6 75 isX true
24 6 75 isE true
24 6 75 isFN false
24 7 69 isD false
24 7 69 isEA false
24 7 69 isC true
24 7 69 isT false
24 7 69 isEA false
24 7 69 isX true
24 7 69 isE true
24 7 69 isFN false
24 8 29 isD false
24 8 29 isEA false
24 8 29 isC false
24 8 29 isEA false
24 8 29 isT false
24 8 29 isEA false
24 8 29 isX false
24 8 29 isEA false
24 8 29 isE false
24 8 29 isEA false
24 8 29 isFN false
24 9 57 isD true
24 9 57 isC true
24 9 57 isT true
24 9 57 isX true
24 9 57 isE true
24 9 57 isFN false
24 10 49 isD true
24 10 49 isC true
24 10 49 isT true
24 10 49 isX true
24 10 49 isE true
24 10 49 isFN false
24 11 48 isD true
24 11 48 isC true
24 11 48 isT true
24 11 48 isX true
24 11 48 isE true
24 11 48 isFN false
24 12 49 isD true
24 12 49 isC true
24 12 49 isT true
24 12 49 isX true
24 12 49 isE true
24 12 49 isFN false
24 13 50 isD true
24 13 50 isC true
24 13 50 isT true
24 13 50 isX true
24 13 50 isE true
24 13 50 isFN false
24 14 65 isD false
24 14 65 isEA false
24 14 65 isC true
24 14 65 isT false
24 14 65 isEA false
24 14 65 isX true
24 14 65 isE true
24 14 65 isFN false
24 15 29 isD false
24 15 29 isEA false
24 15 29 isC false
24 15 29 isEA false
24 15 29 isT false
24 15 29 isEA false
24 15 29 isX false
24 15 29 isEA false
24 15 29 isE false
24 15 29 isEA false
24 15 29 isFN false
24 16 57 isD true
24 16 57 isC true
24 16 57 isT true
24 16 57 isX true
24 16 57 isE true
24 16 57 isFN false
24 17 50 isD true
24 17 50 isC true
24 17 50 isT true
24 17 50 isX true
24 17 50 isE true
24 17 50 isFN false
24 18 57 isD true
24 18 57 isC true
24 18 57 isT true
24 18 57 isX true
24 18 57 isE true
24 18 57 isFN false
24 19 54 isD true
24 19 54 isC true
24 19 54 isT true
24 19 54 isX true
24 19 54 isE true
24 19 54 isFN false
25 0 83 isD false
25 0 83 isEA false
25 0 83 isC true
25 0 83 isT false
25 0 83 isEA false
25 0 83 isX true
25 0 83 isE true
25 0 83 isFN false
25 1 87 isD false
25 1 87 isEA false
25 1 87 isC true
25 1 87 isT false
25 1 87 isEA false
25 1 87 isX true
25 1 87 isE true
25 1 87 isFN false
25 2 115 isD false
25 2 115 isEA false
25 2 115 isC false
25 2 115 isEA false
25 2 115 isT true
25 2 115 isX false
25 2 115 isEA false
25 2 115 isE false
25 2 115 isEA false
25 2 115 isFN false
25 3 65 isD false
25 3 65 isEA false
25 3 65 isC true
25 3 65 isT false
25 3 65 isEA false
25 3 65 isX true
25 3 65 isE true
25 3 65 isFN false
25 4 47 isD false
25 4 47 isEA false
25 4 47 isC false
25 4 47 isEA false
25 4 47 isT false
25 4 47 isEA false
25 4 47 isX false
25 4 47 isEA false
25 4 47 isE true
25 4 47 isFN false
25 5 75 isD false
25 5 75 isEA false
25 5 75 isC true
25 5 75 isT false
25 5 75 isEA false
25 5 75 isX true
25 5 75 isE true
25 5 75 isFN false
25 6 69 isD false
25 6 69 isEA false
25 6 69 isC true
25 6 69 isT false
25 6 69 isEA false
25 6 69 isX true
25 6 69 isE true
25 6 69 isFN false
25 7 29 isD false
25 7 29 isEA false
25 7 29 isC false
25 7 29 isEA false
25 7 29 isT false
25 7 29 isEA false
25 7 29 isX false
25 7 29 isEA false
25 7 29 isE false
25 7 29 isEA false
25 7 29 isFN false
25 8 57 isD true
25 8 57 isC true
25 8 57 isT true
25 8 57 isX true
25 8 57 isE true
25 8 57 isFN false
25 9 49 isD true
25 9 49 isC true
25 9 49 isT true
25 9 49 isX true
25 9 49 isE true
25 9 49 isFN false
25 10 48 isD true
25 10 48 isC true
25 10 48 isT true
25 10 48 isX true
25 10 48 isE true
25 10 48 isFN false
25 11 49 isD true
25 11 49 isC true
25 11 49 isT true
25 11 49 isX true
25 11 49 isE true
25 11 49 isFN false
26 0 87 isD false
26 0 87 isEA false
26 0 87 isC true
26 0 87 isT false
26 0 87 isEA false
26 0 87 isX true
26 0 87 isE true
26 0 87 isFN false
26 1 115 isD false
26 1 115 isEA false
26 1 115 isC false
26 1 115 isEA false
26 1 115 isT true
26 1 115 isX false
26 1 115 isEA false
26 1 115 isE false
26 1 115 isEA false
26 1 115 isFN false
26 2 65 isD false
26 2 65 isEA false
26 2 65 isC true
26 2 65 isT false
26 2 65 isEA false
26 2 65 isX true
26 2 65 isE true
26 2 65 isFN false
26 3 47 isD false
26 3 47 isEA false
26 3 47 isC false
26 3 47 isEA false
26 3 47 isT false
26 3 47 isEA false
26 3 47 isX false
26 3 47 isEA false
26 3 47 isE true
26 3 47 isFN false
26 4 75 isD false
26 4 75 isEA false
26 4 75 isC true
26 4 75 isT false
26 4 75 isEA false
26 4 75 isX true
26 4 75 isE true
26 4 75 isFN false
26 5 69 isD false
26 5 69 isEA false
26 5 69 isC true
26 5 69 isT false
26 5 69 isEA false
26 5 69 isX true
26 5 69 isE true
26 5 69 isFN false
26 6 29 isD false
26 6 29 isEA false
26 6 29 isC false
26 6 29 isEA false
26 6 29 isT false
26 6 29 isEA false
26 6 29 isX false
26 6 29 isEA false
26 6 29 isE false
26 6 29 isEA false
26 6 29 isFN false
26 7 57 isD true
26 7 57 isC true
26 7 57 isT true
26 7 57 isX true
26 7 57 isE true
26 7 57 isFN false
26 8 49 isD true
26 8 49 isC true
26 8 49 isT true
26 8 49 isX true
26 8 49 isE true
26 8 49 isFN false
27 0 115 isD false
27 0 115 isEA false
27 0 115 isC false
27 0 115 isEA false
27 0 115 isT true
27 0 115 isX false
27 0 115 isEA false
27 0 115 isE false
27 0 115 isEA false
27 0 115 isFN false
27 1 65 isD false
27 1 65 isEA false
27 1 65 isC true
27 1 65 isT false
27 1 65 isEA false
27 1 65 isX true
27 1 65 isE true
27 1 65 isFN false
27 2 47 isD false
27 2 47 isEA false
27 2 47 isC false
27 2 47 isEA false
27 2 47 isT false
27 2 47 isEA false
27 2 47 isX false
27 2 47 isEA false
27 2 47 isE true
27 2 47 isFN false
27 3 75 isD false
27 3 75 isEA false
27 3 75 isC true
27 3 75 isT false
27 3 75 isEA false
27 3 75 isX true
27 3 75 isE true
27 3 75 isFN false
27 4 69 isD false
27 4 69 isEA false
27 4 69 isC true
27 4 69 isT false
27 4 69 isEA false
27 4 69 isX true
27 4 69 isE true
27 4 69 isFN false
27 5 29 isD false
27 5 29 isEA false
27 5 29 isC false
27 5 29 isEA false
27 5 29 isT false
27 5 29 isEA false
27 5 29 isX false
27 5 29 isEA false
27 5 29 isE false
27 5 29 isEA false
27 5 29 isFN false
28 0 65 isD false
28 0 65 isEA false
28 0 65 isC true
28 0 65 isT false
28 0 65 isEA false
28 0 65 isX true
28 0 65 isE true
28 0 65 isFN false
28 1 47 isD false
28 1 47 isEA false
28 1 47 isC false
28 1 47 isEA false
28 1 47 isT false
28 1 47 isEA false
28 1 47 isX false
28 1 47 isEA false
28 1 47 isE true
28 1 47 isFN false
28 2 75 isD false
28 2 75 isEA false
28 2 75 isC true
28 2 75 isT false
28 2 75 isEA false
28 2 75 isX true
28 2 75 isE true
28 2 75 isFN false
28 3 69 isD false
28 3 69 isEA false
28 3 69 isC true
28 3 69 isT false
28 3 69 isEA false
28 3 69 isX true
28 3 69 isE true
28 3 69 isFN false
28 4 29 isD false
28 4 29 isEA false
28 4 29 isC false
28 4 29 isEA false
28 4 29 isT false
28 4 29 isEA false
28 4 29 isX false
28 4 29 isEA false
28 4 29 isE false
28 4 29 isEA false
28 4 29 isFN false
28 5 57 isD true
28 5 57 isC true
28 5 57 isT true
28 5 57 isX true
28 5 57 isE true
28 5 57 isFN false
28 6 49 isD true
28 6 49 isC true
28 6 49 isT true
28 6 49 isX true
28 6 49 isE true
28 6 49 isFN false
29 0 47 isD false
29 0 47 isEA false
29 0 47 isC false
29 0 47 isEA false
29 0 47 isT false
29 0 47 isEA false
29 0 47 isX false
29 0 47 isEA false
29 0 47 isE true
29 0 47 isFN false
29 1 75 isD false
29 1 75 isEA false
29 1 75 isC true
29 1 75 isT false
29 1 75 isEA false
29 1 75 isX true
29 1 75 isE true
29 1 75 isFN false
29 2 69 isD false
29 2 69 isEA false
29 2 69 isC true
29 2 69 isT false
29 2 69 isEA false
29 2 69 isX true
29 2 69 isE true
29 2 69 isFN false
29 3 29 isD false
29 3 29 isEA false
29 3 29 isC false
29 3 29 isEA false
29 3 29 isT false
29 3 29 isEA false
29 3 29 isX false
29 3 29 isEA false
29 3 29 isE false
29 3 29 isEA false
29 3 29 isFN false
29 4 57 isD true
29 4 57 isC true
29 4 57 isT true
29 4 57 isX true
29 4 57 isE true
29 4 57 isFN false
30 0 75 isD false
30 0 75 isEA false
30 0 75 isC true
30 0 75 isT false
30 0 75 isEA false
30 0 75 isX true
30 0 75 isE true
30 0 75 isFN false
30 1 69 isD false
30 1 69 isEA false
30 1 69 isC true
30 1 69 isT false
30 1 69 isEA false
30 1 69 isX true
30 1 69 isE true
30 1 69 isFN false
30 2 29 isD false
30 2 29 isEA false
30 2 29 isC false
30 2 29 isEA false
30 2 29 isT false
30 2 29 isEA false
30 2 29 isX false
30 2 29 isEA false
30 2 29 isE false
30 2 29 isEA false
30 2 29 isFN false
30 3 57 isD true
30 3 57 isC true
30 3 57 isT true
30 3 57 isX true
30 3 57 isE true
30 3 57 isFN false
30 4 49 isD true
30 4 49 isC true
30 4 49 isT true
30 4 49 isX true
30 4 49 isE true
30 4 49 isFN false
31 0 69 isD false
31 0 69 isEA false
31 0 69 isC true
31 0 69 isT false
31 0 69 isEA false
31 0 69 isX true
31 0 69 isE true
31 0 69 isFN false
31 1 29 isD false
31 1 29 isEA false
31 1 29 isC false
31 1 29 isEA false
31 1 29 isT false
31 1 29 isEA false
31 1 29 isX false
31 1 29 isEA false
31 1 29 isE false
31 1 29 isEA false
31 1 29 isFN false
31 2 57 isD true
31 2 57 isC true
31 2 57 isT true
31 2 57 isX true
31 2 57 isE true
31 2 57 isFN false
31 3 49 isD true
31 3 49 isC true
31 3 49 isT true
31 3 49 isX true
31 3 49 isE true
31 3 49 isFN false
31 4 48 isD true
31 4 48 isC true
31 4 48 isT true
31 4 48 isX true
31 4 48 isE true
31 4 48 isFN false
32 0 29 isD false
32 0 29 isEA false
32 0 29 isC false
32 0 29 isEA false
32 0 29 isT false
32 0 29 isEA false
32 0 29 isX false
32 0 29 isEA false
32 0 29 isE false
32 0 29 isEA false
32 0 29 isFN false
32 1 57 isD true
32 1 57 isC true
32 1 57 isT true
32 1 57 isX true
32 1 57 isE true
32 1 57 isFN false
32 2 49 isD true
32 2 49 isC true
32 2 49 isT true
32 2 49 isX true
32 2 49 isE true
32 2 49 isFN false
32 3 48 isD true
32 3 48 isC true
32 3 48 isT true
32 3 48 isX true
32 3 48 isE true
32 3 48 isFN false
32 4 49 isD true
32 4 49 isC true
32 4 49 isT true
32 4 49 isX true
32 4 49 isE true
32 4 49 isFN false
37 0 50 isD true
37 0 50 isC true
37 0 50 isT true
37 0 50 isX true
37 0 50 isE true
37 0 50 isFN false
37 1 65 isD false
37 1 65 isEA false
37 1 65 isC true
37 1 65 isT false
37 1 65 isEA false
37 1 65 isX true
37 1 65 isE true
37 1 65 isFN false
37 2 29 isD false
37 2 29 isEA false
37 2 29 isC false
37 2 29 isEA false
37 2 29 isT false
37 2 29 isEA false
37 2 29 isX false
37 2 29 isEA false
37 2 29 isE false
37 2 29 isEA false
37 2 29 isFN false
37 3 57 isD true
37 3 57 isC true
37 3 57 isT true
37 3 57 isX true
37 3 57 isE true
37 3 57 isFN false
37 4 50 isD true
37 4 50 isC true
37 4 50 isT true
37 4 50 isX true
37 4 50 isE true
37 4 50 isFN false
38 0 65 isD false
38 0 65 isEA false
38 0 65 isC true
38 0 65 isT false
38 0 65 isEA false
38 0 65 isX true
38 0 65 isE true
38 0 65 isFN false
38 1 29 isD false
38 1 29 isEA false
38 1 29 isC false
38 1 29 isEA false
38 1 29 isT false
38 1 29 isEA false
38 1 29 isX false
38 1 29 isEA false
38 1 29 isE false
38 1 29 isEA false
38 1 29 isFN false
38 2 57 isD true
38 2 57 isC true
38 2 57 isT true
38 2 57 isX true
38 2 57 isE true
38 2 57 isFN false
38 3 50 isD true
38 3 50 isC true
38 3 50 isT true
38 3 50 isX true
38 3 50 isE true
38 3 50 isFN false
38 4 57 isD true
38 4 57 isC true
38 4 57 isT true
38 4 57 isX true
38 4 57 isE true
38 4 57 isFN false
39 0 29 isD false
39 0 29 isEA false
39 0 29 isC false
39 0 29 isEA false
39 0 29 isT false
39 0 29 isEA false
39 0 29 isX false
39 0 29 isEA false
39 0 29 isE false
39 0 29 isEA false
39 0 29 isFN false
39 1 57 isD true
39 1 57 isC true
39 1 57 isT true
39 1 57 isX true
39 1 57 isE true
39 1 57 isFN false
39 2 50 isD true
39 2 50 isC true
39 2 50 isT true
39 2 50 isX true
39 2 50 isE true
39 2 50 isFN false
39 3 57 isD true
39 3 57 isC true
39 3 57 isT true
39 3 57 isX true
39 3 57 isE true
39 3 57 isFN false
39 4 54 isD true
39 4 54 isC true
39 4 54 isT true
39 4 54 isX true
39 4 54 isE true
39 4 54 isFN false
44 0 84 isD false
44 0 84 isEA false
44 0 84 isC true
44 0 84 isT false
44 0 84 isEA false
44 0 84 isX true
44 0 84 isE true
44 0 84 isFN false
44 1 55 isD true
44 1 55 isC true
44 1 55 isT true
44 1 55 isX true
44 1 55 isE true
44 1 55 isFN false
44 2 89 isD false
44 2 89 isEA false
44 2 89 isC true
44 2 89 isT false
44 2 89 isEA false
44 2 89 isX true
44 2 89 isE true
44 2 89 isFN false
44 3 73 isD false
44 3 73 isEA false
44 3 73 isC true
44 3 73 isT false
44 3 73 isEA false
44 3 73 isX true
44 3 73 isE true
44 3 73 isFN false
44 4 50 isD true
44 4 50 isC true
44 4 50 isT true
44 4 50 isX true
44 4 50 isE true
44 4 50 isFN false
44 5 98 isD false
44 5 98 isEA false
44 5 98 isC false
44 5 98 isEA false
44 5 98 isT true
44 5 98 isX false
44 5 98 isEA false
44 5 98 isE false
44 5 98 isEA false
44 5 98 isFN false
44 6 57 isD true
44 6 57 isC true
44 6 57 isT true
44 6 57 isX true
44 6 57 isE true
44 6 57 isFN false
44 7 122 isD false
44 7 122 isEA false
44 7 122 isC false
44 7 122 isEA false
44 7 122 isT true
44 7 122 isX false
44 7 122 isEA false
44 7 122 isE false
44 7 122 isEA false
44 7 122 isFN false
44 8 80 isD false
44 8 80 isEA false
44 8 80 isC true
44 8 80 isT false
44 8 80 isEA false
44 8 80 isX true
44 8 80 isE true
44 8 80 isFN false
44 9 77 isD false
44 9 77 isEA false
44 9 77 isC true
44 9 77 isT false
44 9 77 isEA false
44 9 77 isX true
44 9 77 isE true
44 9 77 isFN false
44 10 116 isD false
44 10 116 isEA false
44 10 116 isC false
44 10 116 isEA false
44 10 116 isT true
44 10 116 isX false
44 10 116 isEA false
44 10 116 isE false
44 10 116 isEA false
44 10 116 isFN false
44 11 56 isD true
44 11 56 isC true
44 11 56 isT true
44 11 56 isX true
44 11 56 isE true
44 11 56 isFN false
44 12 121 isD false
44 12 121 isEA false
44 12 121 isC false
44 12 121 isEA false
44 12 121 isT true
44 12 121 isX false
44 12 121 isEA false
44 12 121 isE false
44 12 121 isEA false
44 12 121 isFN false
44 13 57 isD true
44 13 57 isC true
44 13 57 isT true
44 13 57 isX true
44 13 57 isE true
44 13 57 isFN false
44 14 109 isD false
44 14 109 isEA false
44 14 109 isC false
44 14 109 isEA false
44 14 109 isT true
44 14 109 isX false
44 14 109 isEA false
44 14 109 isE false
44 14 109 isEA false
44 14 109 isFN false
44 15 85 isD false
44 15 85 isEA false
44 15 85 isC true
44 15 85 isT false
44 15 85 isEA false
44 15 85 isX true
44 15 85 isE true
44 15 85 isFN false
44 16 43 isD false
44 16 43 isEA false
44 16 43 isC false
44 16 43 isEA false
44 16 43 isT false
44 16 43 isEA false
44 16 43 isX false
44 16 43 isEA false
44 16 43 isE true
44 16 43 isFN false
44 17 109 isD false
44 17 109 isEA false
44 17 109 isC false
44 17 109 isEA false
44 17 109 isT true
44 17 109 isX false
44 17 109 isEA false
44 17 109 isE false
44 17 109 isEA false
44 17 109 isFN false
44 18 55 isD true
44 18 55 isC true
44 18 55 isT true
44 18 55 isX true
44 18 55 isE true
44 18 55 isFN false
44 19 119 isD false
44 19 119 isEA false
44 19 119 isC false
44 19 119 isEA false
44 19 119 isT true
44 19 119 isX false
44 19 119 isEA false
44 19 119 isE false
44 19 119 isEA false
44 19 119 isFN false
44 20 83 isD false
44 20 83 isEA false
44 20 83 isC true
44 20 83 isT false
44 20 83 isEA false
44 20 83 isX true
44 20 83 isE true
44 20 83 isFN false
44 21 85 isD false
44 21 85 isEA false
44 21 85 isC true
44 21 85 isT false
44 21 85 isEA false
44 21 85 isX true
44 21 85 isE true
44 21 85 isFN false
44 22 98 isD false
44 22 98 isEA false
44 22 98 isC false
44 22 98 isEA false
44 22 98 isT true
44 22 98 isX false
44 22 98 isEA false
44 22 98 isE false
44 22 98 isEA false
44 22 98 isFN false
44 23 112 isD false
44 23 112 isEA false
44 23 112 isC false
44 23 112 isEA false
44 23 112 isT true
44 23 112 isX false
44 23 112 isEA false
44 23 112 isE false
44 23 112 isEA false
44 23 112 isFN false
44 24 101 isD false
44 24 101 isEA false
44 24 101 isC false
44 24 101 isEA false
44 24 101 isT true
44 24 101 isX false
44 24 101 isEA false
44 24 101 isE false
44 24 101 isEA false
44 24 101 isFN false
44 0 84 isD false
44 0 84 isEA false
44 0 84 isC true
44 0 84 isT false
44 0 84 isEA false
44 0 84 isX true
44 0 84 isE true
44 0 84 isFN false
44 1 55 isD true
44 1 55 isC true
44 1 55 isT true
44 1 55 isX true
44 1 55 isE true
44 1 55 isFN false
44 2 89 isD false
44 2 89 isEA false
44 2 89 isC true
44 2 89 isT false
44 2 89 isEA false
44 2 89 isX true
44 2 89 isE true
44 2 89 isFN false
44 3 73 isD false
44 3 73 isEA false
44 3 73 isC true
44 3 73 isT false
44 3 73 isEA false
44 3 73 isX true
44 3 73 isE true
44 3 73 isFN false
44 4 50 isD true
44 4 50 isC true
44 4 50 isT true
44 4 50 isX true
44 4 50 isE true
44 4 50 isFN false
44 5 98 isD false
44 5 98 isEA false
44 5 98 isC false
44 5 98 isEA false
44 5 98 isT true
44 5 98 isX false
44 5 98 isEA false
44 5 98 isE false
44 5 98 isEA false
44 5 98 isFN false
44 6 57 isD true
44 6 57 isC true
44 6 57 isT true
44 6 57 isX true
44 6 57 isE true
44 6 57 isFN false
44 7 122 isD false
44 7 122 isEA false
44 7 122 isC false
44 7 122 isEA false
44 7 122 isT true
44 7 122 isX false
44 7 122 isEA false
44 7 122 isE false
44 7 122 isEA false
44 7 122 isFN false
46 0 89 isD false
46 0 89 isEA false
46 0 89 isC true
46 0 89 isT false
46 0 89 isEA false
46 0 89 isX true
46 0 89 isE true
46 0 89 isFN false
46 1 73 isD false
46 1 73 isEA false
46 1 73 isC true
46 1 73 isT false
46 1 73 isEA false
46 1 73 isX true
46 1 73 isE true
46 1 73 isFN false
46 2 50 isD true
46 2 50 isC true
46 2 50 isT true
46 2 50 isX true
46 2 50 isE true
46 2 50 isFN false
46 3 98 isD false
46 3 98 isEA false
46 3 98 isC false
46 3 98 isEA false
46 3 98 isT true
46 3 98 isX false
46 3 98 isEA false
46 3 98 isE false
46 3 98 isEA false
46 3 98 isFN false
46 4 57 isD true
46 4 57 isC true
46 4 57 isT true
46 4 57 isX true
46 4 57 isE true
46 4 57 isFN false
46 5 122 isD false
46 5 122 isEA false
46 5 122 isC false
46 5 122 isEA false
46 5 122 isT true
46 5 122 isX false
46 5 122 isEA false
46 5 122 isE false
46 5 122 isEA false
46 5 122 isFN false
50 0 57 isD true
50 0 57 isC true
50 0 57 isT true
50 0 57 isX true
50 0 57 isE true
50 0 57 isFN false
50 1 122 isD false
50 1 122 isEA false
50 1 122 isC false
50 1 122 isEA false
50 1 122 isT true
50 1 122 isX false
50 1 122 isEA false
50 1 122 isE false
50 1 122 isEA false
50 1 122 isFN false
50 2 80 isD false
50 2 80 isEA false
50 2 80 isC true
50 2 80 isT false
50 2 80 isEA false
50 2 80 isX true
50 2 80 isE true
50 2 80 isFN false
50 3 77 isD false
50 3 77 isEA false
50 3 77 isC true
50 3 77 isT false
50 3 77 isEA false
50 3 77 isX true
50 3 77 isE true
50 3 77 isFN false
50 4 116 isD false
50 4 116 isEA false
50 4 116 isC false
50 4 116 isEA false
50 4 116 isT true
50 4 116 isX false
50 4 116 isEA false
50 4 116 isE false
50 4 116 isEA false
50 4 116 isFN false
54 0 116 isD false
54 0 116 isEA false
54 0 116 isC false
54 0 116 isEA false
54 0 116 isT true
54 0 116 isX false
54 0 116 isEA false
54 0 116 isE false
54 0 116 isEA false
54 0 116 isFN false
54 1 56 isD true
54 1 56 isC true
54 1 56 isT true
54 1 56 isX true
54 1 56 isE true
54 1 56 isFN false
54 2 121 isD false
54 2 121 isEA false
54 2 121 isC false
54 2 121 isEA false
54 2 121 isT true
54 2 121 isX false
54 2 121 isEA false
54 2 121 isE false
54 2 121 isEA false
54 2 121 isFN false
54 3 57 isD true
54 3 57 isC true
54 3 57 isT true
54 3 57 isX true
54 3 57 isE true
54 3 57 isFN false
54 4 109 isD false
54 4 109 isEA false
54 4 109 isC false
54 4 109 isEA false
54 4 109 isT true
54 4 109 isX false
54 4 109 isEA false
54 4 109 isE false
54 4 109 isEA false
54 4 109 isFN false
57 0 57 isD true
57 0 57 isC true
57 0 57 isT true
57 0 57 isX true
57 0 57 isE true
57 0 57 isFN false
57 1 109 isD false
57 1 109 isEA false
57 1 109 isC false
57 1 109 isEA false
57 1 109 isT true
57 1 109 isX false
57 1 109 isEA false
57 1 109 isE false
57 1 109 isEA false
57 1 109 isFN false
57 2 85 isD false
57 2 85 isEA false
57 2 85 isC true
57 2 85 isT false
57 2 85 isEA false
57 2 85 isX true
57 2 85 isE true
57 2 85 isFN false
57 3 43 isD false
57 3 43 isEA false
57 3 43 isC false
57 3 43 isEA false
57 3 43 isT false
57 3 43 isEA false
57 3 43 isX false
57 3 43 isEA false
57 3 43 isE true
57 3 43 isFN false
57 4 109 isD false
57 4 109 isEA false
57 4 109 isC false
57 4 109 isEA false
57 4 109 isT true
57 4 109 isX false
57 4 109 isEA false
57 4 109 isE false
57 4 109 isEA false
57 4 109 isFN false
61 0 109 isD false
61 0 109 isEA false
61 0 109 isC false
61 0 109 isEA false
61 0 109 isT true
61 0 109 isX false
61 0 109 isEA false
61 0 109 isE false
61 0 109 isEA false
61 0 109 isFN false
61 1 55 isD true
61 1 55 isC true
61 1 55 isT true
61 1 55 isX true
61 1 55 isE true
61 1 55 isFN false
61 2 119 isD false
61 2 119 isEA false
61 2 119 isC false
61 2 119 isEA false
61 2 119 isT true
61 2 119 isX false
61 2 119 isEA false
61 2 119 isE false
61 2 119 isEA false
61 2 119 isFN false
61 3 83 isD false
61 3 83 isEA false
61 3 83 isC true
61 3 83 isT false
61 3 83 isEA false
61 3 83 isX true
61 3 83 isE true
61 3 83 isFN false
61 4 85 isD false
61 4 85 isEA false
61 4 85 isC true
61 4 85 isT false
61 4 85 isEA false
61 4 85 isX true
61 4 85 isE true
61 4 85 isFN false
64 0 83 isD false
64 0 83 isEA false
64 0 83 isC true
64 0 83 isT false
64 0 83 isEA false
64 0 83 isX true
64 0 83 isE true
64 0 83 isFN false
64 1 85 isD false
64 1 85 isEA false
64 1 85 isC true
64 1 85 isT false
64 1 85 isEA false
64 1 85 isX true
64 1 85 isE true
64 1 85 isFN false
64 2 98 isD false
64 2 98 isEA false
64 2 98 isC false
64 2 98 isEA false
64 2 98 isT true
64 2 98 isX false
64 2 98 isEA false
64 2 98 isE false
64 2 98 isEA false
64 2 98 isFN false
64 3 112 isD false
64 3 112 isEA false
64 3 112 isC false
64 3 112 isEA false
64 3 112 isT true
64 3 112 isX false
64 3 112 isEA false
64 3 112 isE false
64 3 112 isEA false
64 3 112 isFN false
64 4 101 isD false
64 4 101 isEA false
64 4 101 isC false
64 4 101 isEA false
64 4 101 isT true
64 4 101 isX false
64 4 101 isEA false
64 4 101 isE false
64 4 101 isEA false
64 4 101 isFN false
68 0 101 isD false
68 0 101 isEA false
68 0 101 isC false
68 0 101 isEA false
68 0 101 isT true
68 0 101 isX false
68 0 101 isEA false
68 0 101 isE false
68 0 101 isEA false
68 0 101 isFN false
68 1 54 isD true
68 1 54 isC true
68 1 54 isT true
68 1 54 isX true
68 1 54 isE true
68 1 54 isFN false
68 2 43 isD false
68 2 43 isEA false
68 2 43 isC false
68 2 43 isEA false
68 2 43 isT false
68 2 43 isEA false
68 2 43 isX false
68 2 43 isEA false
68 2 43 isE true
68 2 43 isFN false
68 3 55 isD true
68 3 55 isC true
68 3 55 isT true
68 3 55 isX true
68 3 55 isE true
68 3 55 isFN false
68 4 114 isD false
68 4 114 isEA false
68 4 114 isC false
68 4 114 isEA false
68 4 114 isT true
68 4 114 isX false
68 4 114 isEA false
68 4 114 isE false
68 4 114 isEA false
68 4 114 isFN false
73 0 77 isD false
73 0 77 isEA false
73 0 77 isC true
73 0 77 isT false
73 0 77 isEA false
73 0 77 isX true
73 0 77 isE true
73 0 77 isFN false
73 1 100 isD false
73 1 100 isEA false
73 1 100 isC false
73 1 100 isEA false
73 1 100 isT true
73 1 100 isX false
73 1 100 isEA false
73 1 100 isE false
73 1 100 isEA false
73 1 100 isFN false
73 2 72 isD false
73 2 72 isEA false
73 2 72 isC true
73 2 72 isT false
73 2 72 isEA false
73 2 72 isX true
73 2 72 isE true
73 2 72 isFN false
73 3 121 isD false
73 3 121 isEA false
73 3 121 isC false
73 3 121 isEA false
73 3 121 isT true
73 3 121 isX false
73 3 121 isEA false
73 3 121 isE false
73 3 121 isEA false
73 3 121 isFN false
73 4 111 isD false
73 4 111 isEA false
73 4 111 isC false
73 4 111 isEA false
73 4 111 isT true
73 4 111 isX false
73 4 111 isEA false
73 4 111 isE false
73 4 111 isEA false
73 4 111 isFN false
75 0 72 isD false
75 0 72 isEA false
75 0 72 isC true
75 0 72 isT false
75 0 72 isEA false
75 0 72 isX true
75 0 72 isE true
75 0 72 isFN false
75 1 121 isD false
75 1 121 isEA false
75 1 121 isC false
75 1 121 isEA false
75 1 121 isT true
75 1 121 isX false
75 1 121 isEA false
75 1 121 isE false
75 1 121 isEA false
75 1 121 isFN false
75 2 111 isD false
75 2 111 isEA false
75 2 111 isC false
75 2 111 isEA false
75 2 111 isT true
75 2 111 isX false
75 2 111 isEA false
75 2 111 isE false
75 2 111 isEA false
75 2 111 isFN false
75 3 53 isD true
75 3 53 isC true
75 3 53 isT true
75 3 53 isX true
75 3 53 isE true
75 3 53 isFN false
75 4 77 isD false
75 4 77 isEA false
75 4 77 isC true
75 4 77 isT false
75 4 77 isEA false
75 4 77 isX true
75 4 77 isE true
75 4 77 isFN false
77 0 111 isD false
77 0 111 isEA false
77 0 111 isC false
77 0 111 isEA false
77 0 111 isT true
77 0 111 isX false
77 0 111 isEA false
77 0 111 isE false
77 0 111 isEA false
77 0 111 isFN false
77 1 53 isD true
77 1 53 isC true
77 1 53 isT true
77 1 53 isX true
77 1 53 isE true
77 1 53 isFN false
77 2 77 isD false
77 2 77 isEA false
77 2 77 isC true
77 2 77 isT false
77 2 77 isEA false
77 2 77 isX true
77 2 77 isE true
77 2 77 isFN false
77 3 77 isD false
77 3 77 isEA false
77 3 77 isC true
77 3 77 isT false
77 3 77 isEA false
77 3 77 isX true
77 3 77 isE true
77 3 77 isFN false
77 4 100 isD false
77 4 100 isEA false
77 4 100 isC false
77 4 100 isEA false
77 4 100 isT true
77 4 100 isX false
77 4 100 isEA false
77 4 100 isE false
77 4 100 isEA false
77 4 100 isFN false
81 0 100 isD false
81 0 100 isEA false
81 0 100 isC false
81 0 100 isEA false
81 0 100 isT true
81 0 100 isX false
81 0 100 isEA false
81 0 100 isE false
81 0 100 isEA false
81 0 100 isFN false
81 1 53 isD true
81 1 53 isC true
81 1 53 isT true
81 1 53 isX true
81 1 53 isE true
81 1 53 isFN false
81 2 104 isD false
81 2 104 isEA false
81 2 104 isC false
81 2 104 isEA false
81 2 104 isT true
81 2 104 isX false
81 2 104 isEA false
81 2 104 isE false
81 2 104 isEA false
81 2 104 isFN false
81 3 48 isD true
81 3 48 isC true
81 3 48 isT true
81 3 48 isX true
81 3 48 isE true
81 3 48 isFN false
81 4 56 isD true
81 4 56 isC true
81 4 56 isT true
81 4 56 isX true
81 4 56 isE true
81 4 56 isFN false
84 0 48 isD true
84 0 48 isC true
84 0 48 isT true
84 0 48 isX true
84 0 48 isE true
84 0 48 isFN false
84 1 56 isD true
84 1 56 isC true
84 1 56 isT true
84 1 56 isX true
84 1 56 isE true
84 1 56 isFN false
84 2 86 isD false
84 2 86 isEA false
84 2 86 isC true
84 2 86 isT false
84 2 86 isEA false
84 2 86 isX true
84 2 86 isE true
84 2 86 isFN false
84 3 49 isD true
84 3 49 isC true
84 3 49 isT true
84 3 49 isX true
84 3 49 isE true
84 3 49 isFN false
84 4 115 isD false
84 4 115 isEA false
84 4 115 isC false
84 4 115 isEA false
84 4 115 isT true
84 4 115 isX false
84 4 115 isEA false
84 4 115 isE false
84 4 115 isEA false
84 4 115 isFN false
84 5 107 isD false
84 5 107 isEA false
84 5 107 isC false
84 5 107 isEA false
84 5 107 isT true
84 5 107 isX false
84 5 107 isEA false
84 5 107 isE false
84 5 107 isEA false
84 5 107 isFN false
89 0 107 isD false
89 0 107 isEA false
89 0 107 isC false
89 0 107 isEA false
89 0 107 isT true
89 0 107 isX false
89 0 107 isEA false
89 0 107 isE false
89 0 107 isEA false
89 0 107 isFN false
89 1 101 isD false
89 1 101 isEA false
89 1 101 isC false
89 1 101 isEA false
89 1 101 isT true
89 1 101 isX false
89 1 101 isEA false
89 1 101 isE false
89 1 101 isEA false
89 1 101 isFN false
89 2 115 isD false
89 2 115 isEA false
89 2 115 isC false
89 2 115 isEA false
89 2 115 isT true
89 2 115 isX false
89 2 115 isEA false
89 2 115 isE false
89 2 115 isEA false
89 2 115 isFN false
89 3 112 isD false
89 3 112 isEA false
89 3 112 isC false
89 3 112 isEA false
89 3 112 isT true
89 3 112 isX false
89 3 112 isEA false
89 3 112 isE false
89 3 112 isEA false
89 3 112 isFN false
89 4 73 isD false
89 4 73 isEA false
89 4 73 isC true
89 4 73 isT false
89 4 73 isEA false
89 4 73 isX true
89 4 73 isE true
89 4 73 isFN false
92 0 112 isD false
92 0 112 isEA false
92 0 112 isC false
92 0 112 isEA false
92 0 112 isT true
92 0 112 isX false
92 0 112 isEA false
92 0 112 isE false
92 0 112 isEA false
92 0 112 isFN false
92 1 73 isD false
92 1 73 isEA false
92 1 73 isC true
92 1 73 isT false
92 1 73 isEA false
92 1 73 isX true
92 1 73 isE true
92 1 73 isFN false
92 2 82 isD false
92 2 82 isEA false
92 2 82 isC true
92 2 82 isT false
92 2 82 isEA false
92 2 82 isX true
92 2 82 isE true
92 2 82 isFN false
92 3 120 isD false
92 3 120 isEA false
92 3 120 isC false
92 3 120 isEA false
92 3 120 isT true
92 3 120 isX false
92 3 120 isEA false
92 3 120 isE false
92 3 120 isEA false
92 3 120 isFN false
92 4 82 isD false
92 4 82 isEA false
92 4 82 isC true
92 4 82 isT false
92 4 82 isEA false
92 4 82 isX true
92 4 82 isE true
92 4 82 isFN false
92 5 49 isD true
92 5 49 isC true
92 5 49 isT true
92 5 49 isX true
92 5 49 isE true
92 5 49 isFN false
92 6 78 isD false
92 6 78 isEA false
92 6 78 isC true
92 6 78 isT false
92 6 78 isEA false
92 6 78 isX true
92 6 78 isE true
92 6 78 isFN false
92 7 85 isD false
92 7 85 isEA false
92 7 85 isC true
92 7 85 isT false
92 7 85 isEA false
92 7 85 isX true
92 7 85 isE true
92 7 85 isFN false
92 8 112 isD false
92 8 112 isEA false
92 8 112 isC false
92 8 112 isEA false
92 8 112 isT true
92 8 112 isX false
92 8 112 isEA false
92 8 112 isE false
92 8 112 isEA false
92 8 112 isFN false
92 9 51 isD true
92 9 51 isC true
92 9 51 isT true
92 9 51 isX true
92 9 51 isE true
92 9 51 isFN false
92 10 77 isD false
92 10 77 isEA false
92 10 77 isC true
92 10 77 isT false
92 10 77 isEA false
92 10 77 isX true
92 10 77 isE true
92 10 77 isFN false
92 11 106 isD false
92 11 106 isEA false
92 11 106 isC false
92 11 106 isEA false
92 11 106 isT true
92 11 106 isX false
92 11 106 isEA false
92 11 106 isE false
92 11 106 isEA false
92 11 106 isFN false
92 12 76 isD false
92 12 76 isEA false
92 12 76 isC true
92 12 76 isT false
92 12 76 isEA false
92 12 76 isX true
92 12 76 isE true
92 12 76 isFN false
92 13 80 isD false
92 13 80 isEA false
92 13 80 isC true
92 13 80 isT false
92 13 80 isEA false
92 13 80 isX true
92 13 80 isE true
92 13 80 isFN false
92 14 49 isD true
92 14 49 isC true
92 14 49 isT true
92 14 49 isX true
92 14 49 isE true
92 14 49 isFN false
92 15 113 isD false
92 15 113 isEA false
92 15 113 isC false
92 15 113 isEA false
92 15 113 isT true
92 15 113 isX false
92 15 113 isEA false
92 15 113 isE false
92 15 113 isEA false
92 15 113 isFN false
92 16 68 isD false
92 16 68 isEA false
92 16 68 isC true
92 16 68 isT false
92 16 68 isEA false
92 16 68 isX true
92 16 68 isE true
92 16 68 isFN false
92 17 110 isD false
92 17 110 isEA false
92 17 110 isC false
92 17 110 isEA false
92 17 110 isT true
92 17 110 isX false
92 17 110 isEA false
92 17 110 isE false
92 17 110 isEA false
92 17 110 isFN false
92 18 74 isD false
92 18 74 isEA false
92 18 74 isC true
92 18 74 isT false
92 18 74 isEA false
92 18 74 isX true
92 18 74 isE true
92 18 74 isFN false
92 19 105 isD false
92 19 105 isEA false
92 19 105 isC false
92 19 105 isEA false
92 19 105 isT true
92 19 105 isX false
92 19 105 isEA false
92 19 105 isE false
92 19 105 isEA false
92 19 105 isFN false
92 20 107 isD false
92 20 107 isEA false
92 20 107 isC false
92 20 107 isEA false
92 20 107 isT true
92 20 107 isX false
92 20 107 isEA false
92 20 107 isE false
92 20 107 isEA false
92 20 107 isFN false
92 21 117 isD false
92 21 117 isEA false
92 21 117 isC false
92 21 117 isEA false
92 21 117 isT true
92 21 117 isX false
92 21 117 isEA false
92 21 117 isE false
92 21 117 isEA false
92 21 117 isFN false
94 0 82 isD false
94 0 82 isEA false
94 0 82 isC true
94 0 82 isT false
94 0 82 isEA false
94 0 82 isX true
94 0 82 isE true
94 0 82 isFN false
94 1 120 isD false
94 1 120 isEA false
94 1 120 isC false
94 1 120 isEA false
94 1 120 isT true
94 1 120 isX false
94 1 120 isEA false
94 1 120 isE false
94 1 120 isEA false
94 1 120 isFN false
94 2 82 isD false
94 2 82 isEA false
94 2 82 isC true
94 2 82 isT false
94 2 82 isEA false
94 2 82 isX true
94 2 82 isE true
94 2 82 isFN false
94 3 49 isD true
94 3 49 isC true
94 3 49 isT true
94 3 49 isX true
94 3 49 isE true
94 3 49 isFN false
94 4 78 isD false
94 4 78 isEA false
94 4 78 isC true
94 4 78 isT false
94 4 78 isEA false
94 4 78 isX true
94 4 78 isE true
94 4 78 isFN false
94 5 85 isD false
94 5 85 isEA false
94 5 85 isC true
94 5 85 isT false
94 5 85 isEA false
94 5 85 isX true
94 5 85 isE true
94 5 85 isFN false
94 6 112 isD false
94 6 112 isEA false
94 6 112 isC false
94 6 112 isEA false
94 6 112 isT true
94 6 112 isX false
94 6 112 isEA false
94 6 112 isE false
94 6 112 isEA false
94 6 112 isFN false
94 7 51 isD true
94 7 51 isC true
94 7 51 isT true
94 7 51 isX true
94 7 51 isE true
94 7 51 isFN false
94 8 77 isD false
94 8 77 isEA false
94 8 77 isC true
94 8 77 isT false
94 8 77 isEA false
94 8 77 isX true
94 8 77 isE true
94 8 77 isFN false
94 9 106 isD false
94 9 106 isEA false
94 9 106 isC false
94 9 106 isEA false
94 9 106 isT true
94 9 106 isX false
94 9 106 isEA false
94 9 106 isE false
94 9 106 isEA false
94 9 106 isFN false
94 10 76 isD false
94 10 76 isEA false
94 10 76 isC true
94 10 76 isT false
94 10 76 isEA false
94 10 76 isX true
94 10 76 isE true
94 10 76 isFN false
94 11 80 isD false
94 11 80 isEA false
94 11 80 isC true
94 11 80 isT false
94 11 80 isEA false
94 11 80 isX true
94 11 80 isE true
94 11 80 isFN false
94 12 49 isD true
94 12 49 isC true
94 12 49 isT true
94 12 49 isX true
94 12 49 isE true
94 12 49 isFN false
94 13 113 isD false
94 13 113 isEA false
94 13 113 isC false
94 13 113 isEA false
94 13 113 isT true
94 13 113 isX false
94 13 113 isEA false
94 13 113 isE false
94 13 113 isEA false
94 13 113 isFN false
94 14 68 isD false
94 14 68 isEA false
94 14 68 isC true
94 14 68 isT false
94 14 68 isEA false
94 14 68 isX true
94 14 68 isE true
94 14 68 isFN false
94 15 110 isD false
94 15 110 isEA false
94 15 110 isC false
94 15 110 isEA false
94 15 110 isT true
94 15 110 isX false
94 15 110 isEA false
94 15 110 isE false
94 15 110 isEA false
94 15 110 isFN false
94 16 74 isD false
94 16 74 isEA false
94 16 74 isC true
94 16 74 isT false
94 16 74 isEA false
94 16 74 isX true
94 16 74 isE true
94 16 74 isFN false
94 17 105 isD false
94 17 105 isEA false
94 17 105 isC false
94 17 105 isEA false
94 17 105 isT true
94 17 105 isX false
94 17 105 isEA false
94 17 105 isE false
94 17 105 isEA false
94 17 105 isFN false
94 18 107 isD false
94 18 107 isEA false
94 18 107 isC false
94 18 107 isEA false
94 18 107 isT true
94 18 107 isX false
94 18 107 isEA false
94 18 107 isE false
94 18 107 isEA false
94 18 107 isFN false
94 19 117 isD false
94 19 117 isEA false
94 19 117 isC false
94 19 117 isEA false
94 19 117 isT true
94 19 117 isX false
94 19 117 isEA false
94 19 117 isE false
94 19 117 isEA false
94 19 117 isFN false
96 0 82 isD false
96 0 82 isEA false
96 0 82 isC true
96 0 82 isT false
96 0 82 isEA false
96 0 82 isX true
96 0 82 isE true
96 0 82 isFN false
96 1 49 isD true
96 1 49 isC true
96 1 49 isT true
96 1 49 isX true
96 1 49 isE true
96 1 49 isFN false
96 2 78 isD false
96 2 78 isEA false
96 2 78 isC true
96 2 78 isT false
96 2 78 isEA false
96 2 78 isX true
96 2 78 isE true
96 2 78 isFN false
96 3 85 isD false
96 3 85 isEA false
96 3 85 isC true
96 3 85 isT false
96 3 85 isEA false
96 3 85 isX true
96 3 85 isE true
96 3 85 isFN false
96 4 112 isD false
96 4 112 isEA false
96 4 112 isC false
96 4 112 isEA false
96 4 112 isT true
96 4 112 isX false
96 4 112 isEA false
96 4 112 isE false
96 4 112 isEA false
96 4 112 isFN false
96 5 51 isD true
96 5 51 isC true
96 5 51 isT true
96 5 51 isX true
96 5 51 isE true
96 5 51 isFN false
96 6 77 isD false
96 6 77 isEA false
96 6 77 isC true
96 6 77 isT false
96 6 77 isEA false
96 6 77 isX true
96 6 77 isE true
96 6 77 isFN false
96 7 106 isD false
96 7 106 isEA false
96 7 106 isC false
96 7 106 isEA false
96 7 106 isT true
96 7 106 isX false
96 7 106 isEA false
96 7 106 isE false
96 7 106 isEA false
96 7 106 isFN false
96 8 76 isD false
96 8 76 isEA false
96 8 76 isC true
96 8 76 isT false
96 8 76 isEA false
96 8 76 isX true
96 8 76 isE true
96 8 76 isFN false
96 9 80 isD false
96 9 80 isEA false
96 9 80 isC true
96 9 80 isT false
96 9 80 isEA false
96 9 80 isX true
96 9 80 isE true
96 9 80 isFN false
96 10 49 isD true
96 10 49 isC true
96 10 49 isT true
96 10 49 isX true
96 10 49 isE true
96 10 49 isFN false
96 11 113 isD false
96 11 113 isEA false
96 11 113 isC false
96 11 113 isEA false
96 11 113 isT true
96 11 113 isX false
96 11 113 isEA false
96 11 113 isE false
96 11 113 isEA false
96 11 113 isFN false
96 12 68 isD false
96 12 68 isEA false
96 12 68 isC true
96 12 68 isT false
96 12 68 isEA false
96 12 68 isX true
96 12 68 isE true
96 12 68 isFN false
96 13 110 isD false
96 13 110 isEA false
96 13 110 isC false
96 13 110 isEA false
96 13 110 isT true
96 13 110 isX false
96 13 110 isEA false
96 13 110 isE false
96 13 110 isEA false
96 13 110 isFN false
96 14 74 isD false
96 14 74 isEA false
96 14 74 isC true
96 14 74 isT false
96 14 74 isEA false
96 14 74 isX true
96 14 74 isE true
96 14 74 isFN false
96 15 105 isD false
96 15 105 isEA false
96 15 105 isC false
96 15 105 isEA false
96 15 105 isT true
96 15 105 isX false
96 15 105 isEA false
96 15 105 isE false
96 15 105 isEA false
96 15 105 isFN false
96 16 107 isD false
96 16 107 isEA false
96 16 107 isC false
96 16 107 isEA false
96 16 107 isT true
96 16 107 isX false
96 16 107 isEA false
96 16 107 isE false
96 16 107 isEA false
96 16 107 isFN false
96 17 117 isD false
96 17 117 isEA false
96 17 117 isC false
96 17 117 isEA false
96 17 117 isT true
96 17 117 isX false
96 17 117 isEA false
96 17 117 isE false
96 17 117 isEA false
96 17 117 isFN false
98 0 78 isD false
98 0 78 isEA false
98 0 78 isC true
98 0 78 isT false
98 0 78 isEA false
98 0 78 isX true
98 0 78 isE true
98 0 78 isFN false
98 1 85 isD false
98 1 85 isEA false
98 1 85 isC true
98 1 85 isT false
98 1 85 isEA false
98 1 85 isX true
98 1 85 isE true
98 1 85 isFN false
98 2 112 isD false
98 2 112 isEA false
98 2 112 isC false
98 2 112 isEA false
98 2 112 isT true
98 2 112 isX false
98 2 112 isEA false
98 2 112 isE false
98 2 112 isEA false
98 2 112 isFN false
98 3 51 isD true
98 3 51 isC true
98 3 51 isT true
98 3 51 isX true
98 3 51 isE true
98 3 51 isFN false
98 4 77 isD false
98 4 77 isEA false
98 4 77 isC true
98 4 77 isT false
98 4 77 isEA false
98 4 77 isX true
98 4 77 isE true
98 4 77 isFN false
98 5 106 isD false
98 5 106 isEA false
98 5 106 isC false
98 5 106 isEA false
98 5 106 isT true
98 5 106 isX false
98 5 106 isEA false
98 5 106 isE false
98 5 106 isEA false
98 5 106 isFN false
98 6 76 isD false
98 6 76 isEA false
98 6 76 isC true
98 6 76 isT false
98 6 76 isEA false
98 6 76 isX true
98 6 76 isE true
98 6 76 isFN false
98 7 80 isD false
98 7 80 isEA false
98 7 80 isC true
98 7 80 isT false
98 7 80 isEA false
98 7 80 isX true
98 7 80 isE true
98 7 80 isFN false
98 8 49 isD true
98 8 49 isC true
98 8 49 isT true
98 8 49 isX true
98 8 49 isE true
98 8 49 isFN false
98 9 113 isD false
98 9 113 isEA false
98 9 113 isC false
98 9 113 isEA false
98 9 113 isT true
98 9 113 isX false
98 9 113 isEA false
98 9 113 isE false
98 9 113 isEA false
98 9 113 isFN false
98 10 68 isD false
98 10 68 isEA false
98 10 68 isC true
98 10 68 isT false
98 10 68 isEA false
98 10 68 isX true
98 10 68 isE true
98 10 68 isFN false
98 11 110 isD false
98 11 110 isEA false
98 11 110 isC false
98 11 110 isEA false
98 11 110 isT true
98 11 110 isX false
98 11 110 isEA false
98 11 110 isE false
98 11 110 isEA false
98 11 110 isFN false
98 12 74 isD false
98 12 74 isEA false
98 12 74 isC true
98 12 74 isT false
98 12 74 isEA false
98 12 74 isX true
98 12 74 isE true
98 12 74 isFN false
98 13 105 isD false
98 13 105 isEA false
98 13 105 isC false
98 13 105 isEA false
98 13 105 isT true
98 13 105 isX false
98 13 105 isEA false
98 13 105 isE false
98 13 105 isEA false
98 13 105 isFN false
98 14 107 isD false
98 14 107 isEA false
98 14 107 isC false
98 14 107 isEA false
98 14 107 isT true
98 14 107 isX false
98 14 107 isEA false
98 14 107 isE false
98 14 107 isEA false
98 14 107 isFN false
102 0 77 isD false
102 0 77 isEA false
102 0 77 isC true
102 0 77 isT false
102 0 77 isEA false
102 0 77 isX true
102 0 77 isE true
102 0 77 isFN false
102 1 106 isD false
102 1 106 isEA false
102 1 106 isC false
102 1 106 isEA false
102 1 106 isT true
102 1 106 isX false
102 1 106 isEA false
102 1 106 isE false
102 1 106 isEA false
102 1 106 isFN false
102 2 76 isD false
102 2 76 isEA false
102 2 76 isC true
102 2 76 isT false
102 2 76 isEA false
102 2 76 isX true
102 2 76 isE true
102 2 76 isFN false
102 3 80 isD false
102 3 80 isEA false
102 3 80 isC true
102 3 80 isT false
102 3 80 isEA false
102 3 80 isX true
102 3 80 isE true
102 3 80 isFN false
102 4 49 isD true
102 4 49 isC true
102 4 49 isT true
102 4 49 isX true
102 4 49 isE true
102 4 49 isFN false
102 5 113 isD false
102 5 113 isEA false
102 5 113 isC false
102 5 113 isEA false
102 5 113 isT true
102 5 113 isX false
102 5 113 isEA false
102 5 113 isE false
102 5 113 isEA false
102 5 113 isFN false
102 6 68 isD false
102 6 68 isEA false
102 6 68 isC true
102 6 68 isT false
102 6 68 isEA false
102 6 68 isX true
102 6 68 isE true
102 6 68 isFN false
102 7 110 isD false
102 7 110 isEA false
102 7 110 isC false
102 7 110 isEA false
102 7 110 isT true
102 7 110 isX false
102 7 110 isEA false
102 7 110 isE false
102 7 110 isEA false
102 7 110 isFN false
102 8 74 isD false
102 8 74 isEA false
102 8 74 isC true
102 8 74 isT false
102 8 74 isEA false
102 8 74 isX true
102 8 74 isE true
102 8 74 isFN false
102 9 105 isD false
102 9 105 isEA false
102 9 105 isC false
102 9 105 isEA false
102 9 105 isT true
102 9 105 isX false
102 9 105 isEA false
102 9 105 isE false
102 9 105 isEA false
102 9 105 isFN false
102 10 107 isD false
102 10 107 isEA false
102 10 107 isC false
102 10 107 isEA false
102 10 107 isT true
102 10 107 isX false
102 10 107 isEA false
102 10 107 isE false
102 10 107 isEA false
102 10 107 isFN false
104 0 76 isD false
104 0 76 isEA false
104 0 76 isC true
104 0 76 isT false
104 0 76 isEA false
104 0 76 isX true
104 0 76 isE true
104 0 76 isFN false
104 1 80 isD false
104 1 80 isEA false
104 1 80 isC true
104 1 80 isT false
104 1 80 isEA false
104 1 80 isX true
104 1 80 isE true
104 1 80 isFN false
104 2 49 isD true
104 2 49 isC true
104 2 49 isT true
104 2 49 isX true
104 2 49 isE true
104 2 49 isFN false
104 3 113 isD false
104 3 113 isEA false
104 3 113 isC false
104 3 113 isEA false
104 3 113 isT true
104 3 113 isX false
104 3 113 isEA false
104 3 113 isE false
104 3 113 isEA false
104 3 113 isFN false
104 4 68 isD false
104 4 68 isEA false
104 4 68 isC true
104 4 68 isT false
104 4 68 isEA false
104 4 68 isX true
104 4 68 isE true
104 4 68 isFN false
104 5 110 isD false
104 5 110 isEA false
104 5 110 isC false
104 5 110 isEA false
104 5 110 isT true
104 5 110 isX false
104 5 110 isEA false
104 5 110 isE false
104 5 110 isEA false
104 5 110 isFN false
104 6 74 isD false
104 6 74 isEA false
104 6 74 isC true
104 6 74 isT false
104 6 74 isEA false
104 6 74 isX true
104 6 74 isE true
104 6 74 isFN false
104 7 105 isD false
104 7 105 isEA false
104 7 105 isC false
104 7 105 isEA false
104 7 105 isT true
104 7 105 isX false
104 7 105 isEA false
104 7 105 isE false
104 7 105 isEA false
104 7 105 isFN false
104 8 107 isD false
104 8 107 isEA false
104 8 107 isC false
104 8 107 isEA false
104 8 107 isT true
104 8 107 isX false
104 8 107 isEA false
104 8 107 isE false
104 8 107 isEA false
104 8 107 isFN false
108 0 68 isD false
108 0 68 isEA false
108 0 68 isC true
108 0 68 isT false
108 0 68 isEA false
108 0 68 isX true
108 0 68 isE true
108 0 68 isFN false
108 1 110 isD false
108 1 110 isEA false
108 1 110 isC false
108 1 110 isEA false
108 1 110 isT true
108 1 110 isX false
108 1 110 isEA false
108 1 110 isE false
108 1 110 isEA false
108 1 110 isFN false
108 2 74 isD false
108 2 74 isEA false
108 2 74 isC true
108 2 74 isT false
108 2 74 isEA false
108 2 74 isX true
108 2 74 isE true
108 2 74 isFN false
108 3 105 isD false
108 3 105 isEA false
108 3 105 isC false
108 3 105 isEA false
108 3 105 isT true
108 3 105 isX false
108 3 105 isEA false
108 3 105 isE false
108 3 105 isEA false
108 3 105 isFN false
108 4 107 isD false
108 4 107 isEA false
108 4 107 isC false
108 4 107 isEA false
108 4 107 isT true
108 4 107 isX false
108 4 107 isEA false
108 4 107 isE false
108 4 107 isEA false
108 4 107 isFN false
110 0 74 isD false
110 0 74 isEA false
110 0 74 isC true
110 0 74 isT false
110 0 74 isEA false
110 0 74 isX true
110 0 74 isE true
110 0 74 isFN false
110 1 105 isD false
110 1 105 isEA false
110 1 105 isC false
110 1 105 isEA false
110 1 105 isT true
110 1 105 isX false
110 1 105 isEA false
110 1 105 isE false
110 1 105 isEA false
110 1 105 isFN false
110 2 107 isD false
110 2 107 isEA false
110 2 107 isC false
110 2 107 isEA false
110 2 107 isT true
110 2 107 isX false
110 2 107 isEA false
110 2 107 isE false
110 2 107 isEA false
110 2 107 isFN false
110 3 117 isD false
110 3 117 isEA false
110 3 117 isC false
110 3 117 isEA false
110 3 117 isT true
110 3 117 isX false
110 3 117 isEA false
110 3 117 isE false
110 3 117 isEA false
110 3 117 isFN false
110 4 103 isD false
110 4 103 isEA false
110 4 103 isC false
110 4 103 isEA false
110 4 103 isT true
110 4 103 isX false
110 4 103 isEA false
110 4 103 isE false
110 4 103 isEA false
110 4 103 isFN false
112 0 107 isD false
112 0 107 isEA false
112 0 107 isC false
112 0 107 isEA false
112 0 107 isT true
112 0 107 isX false
112 0 107 isEA false
112 0 107 isE false
112 0 107 isEA false
112 0 107 isFN false
112 1 117 isD false
112 1 117 isEA false
112 1 117 isC false
112 1 117 isEA false
112 1 117 isT true
112 1 117 isX false
112 1 117 isEA false
112 1 117 isE false
112 1 117 isEA false
112 1 117 isFN false
112 2 103 isD false
112 2 103 isEA false
112 2 103 isC false
112 2 103 isEA false
112 2 103 isT true
112 2 103 isX false
112 2 103 isEA false
112 2 103 isE false
112 2 103 isEA false
112 2 103 isFN false
112 3 76 isD false
112 3 76 isEA false
112 3 76 isC true
112 3 76 isT false
112 3 76 isEA false
112 3 76 isX true
112 3 76 isE true
112 3 76 isFN false
112 4 55 isD true
112 4 55 isC true
112 4 55 isT true
112 4 55 isX true
112 4 55 isE true
112 4 55 isFN false
115 0 76 isD false
115 0 76 isEA false
115 0 76 isC true
115 0 76 isT false
115 0 76 isEA false
115 0 76 isX true
115 0 76 isE true
115 0 76 isFN false
115 1 55 isD true
115 1 55 isC true
115 1 55 isT true
115 1 55 isX true
115 1 55 isE true
115 1 55 isFN false
115 2 54 isD true
115 2 54 isC true
115 2 54 isT true
115 2 54 isX true
115 2 54 isE true
115 2 54 isFN false
115 3 119 isD false
115 3 119 isEA false
115 3 119 isC false
115 3 119 isEA false
115 3 119 isT true
115 3 119 isX false
115 3 119 isEA false
115 3 119 isE false
115 3 119 isEA false
115 3 119 isFN false
115 4 49 isD true
115 4 49 isC true
115 4 49 isT true
115 4 49 isX true
115 4 49 isE true
115 4 49 isFN false
115 5 89 isD false
115 5 89 isEA false
115 5 89 isC true
115 5 89 isT false
115 5 89 isEA false
115 5 89 isX true
115 5 89 isE true
115 5 89 isFN false
115 6 107 isD false
115 6 107 isEA false
115 6 107 isC false
115 6 107 isEA false
115 6 107 isT true
115 6 107 isX false
115 6 107 isEA false
115 6 107 isE false
115 6 107 isEA false
115 6 107 isFN false
115 7 116 isD false
115 7 116 isEA false
115 7 116 isC false
115 7 116 isEA false
115 7 116 isT true
115 7 116 isX false
115 7 116 isEA false
115 7 116 isE false
115 7 116 isEA false
115 7 116 isFN false
117 0 54 isD true
117 0 54 isC true
117 0 54 isT true
117 0 54 isX true
117 0 54 isE true
117 0 54 isFN false
117 1 119 isD false
117 1 119 isEA false
117 1 119 isC false
117 1 119 isEA false
117 1 119 isT true
117 1 119 isX false
117 1 119 isEA false
117 1 119 isE false
117 1 119 isEA false
117 1 119 isFN false
117 2 49 isD true
117 2 49 isC true
117 2 49 isT true
117 2 49 isX true
117 2 49 isE true
117 2 49 isFN false
117 3 89 isD false
117 3 89 isEA false
117 3 89 isC true
117 3 89 isT false
117 3 89 isEA false
117 3 89 isX true
117 3 89 isE true
117 3 89 isFN false
117 4 107 isD false
117 4 107 isEA false
117 4 107 isC false
117 4 107 isEA false
117 4 107 isT true
117 4 107 isX false
117 4 107 isEA false
117 4 107 isE false
117 4 107 isEA false
117 4 107 isFN false
120 0 89 isD false
120 0 89 isEA false
120 0 89 isC true
120 0 89 isT false
120 0 89 isEA false
120 0 89 isX true
120 0 89 isE true
120 0 89 isFN false
120 1 107 isD false
120 1 107 isEA false
120 1 107 isC false
120 1 107 isEA false
120 1 107 isT true
120 1 107 isX false
120 1 107 isEA false
120 1 107 isE false
120 1 107 isEA false
120 1 107 isFN false
120 2 116 isD false
120 2 116 isEA false
120 2 116 isC false
120 2 116 isEA false
120 2 116 isT true
120 2 116 isX false
120 2 116 isEA false
120 2 116 isE false
120 2 116 isEA false
120 2 116 isFN false
120 3 114 isD false
120 3 114 isEA false
120 3 114 isC false
120 3 114 isEA false
120 3 114 isT true
120 3 114 isX false
120 3 114 isEA false
120 3 114 isE false
120 3 114 isEA false
120 3 114 isFN false
120 4 43 isD false
120 4 43 isEA false
120 4 43 isC false
120 4 43 isEA false
120 4 43 isT false
120 4 43 isEA false
120 4 43 isX false
120 4 43 isEA false
120 4 43 isE true
120 4 43 isFN false
122 0 116 isD false
122 0 116 isEA false
122 0 116 isC false
122 0 116 isEA false
122 0 116 isT true
122 0 116 isX false
122 0 116 isEA false
122 0 116 isE false
122 0 116 isEA false
122 0 116 isFN false
122 1 114 isD false
122 1 114 isEA false
122 1 114 isC false
122 1 114 isEA false
122 1 114 isT true
122 1 114 isX false
122 1 114 isEA false
122 1 114 isE false
122 1 114 isEA false
122 1 114 isFN false
122 2 43 isD false
122 2 43 isEA false
122 2 43 isC false
122 2 43 isEA false
122 2 43 isT false
122 2 43 isEA false
122 2 43 isX false
122 2 43 isEA false
122 2 43 isE true
122 2 43 isFN false
122 3 108 isD false
122 3 108 isEA false
122 3 108 isC false
122 3 108 isEA false
122 3 108 isT true
122 3 108 isX false
122 3 108 isEA false
122 3 108 isE false
122 3 108 isEA false
122 3 108 isFN false
122 4 72 isD false
122 4 72 isEA false
122 4 72 isC true
122 4 72 isT false
122 4 72 isEA false
122 4 72 isX true
122 4 72 isE true
122 4 72 isFN false
